<?xml version="1.0" encoding="UTF-8"?>
<testng-results ignored="0" total="1" passed="1" failed="0" skipped="0">
  <reporter-output>
  </reporter-output>
  <suite started-at="2023-07-26T14:14:57 IST" name="Default suite" finished-at="2023-07-26T14:16:19 IST" duration-ms="82343">
    <groups>
    </groups>
    <test started-at="2023-07-26T14:14:57 IST" name="Default test" finished-at="2023-07-26T14:16:19 IST" duration-ms="82343">
      <class name="KGL.KGLProject.TC01">
        <test-method signature="TC01_Amazon()[pri:0, instance:KGL.KGLProject.TC01@957e06]" started-at="2023-07-26T14:14:57 IST" name="TC01_Amazon" finished-at="2023-07-26T14:16:19 IST" duration-ms="82256" status="PASS">
          <reporter-output>
          </reporter-output>
        </test-method> <!-- TC01_Amazon -->
      </class> <!-- KGL.KGLProject.TC01 -->
    </test> <!-- Default test -->
  </suite> <!-- Default suite -->
</testng-results>
