<?xml version="1.0" encoding="UTF-8"?>
<testng-results ignored="0" total="1" passed="1" failed="0" skipped="0">
  <reporter-output>
  </reporter-output>
  <suite started-at="2023-07-27T19:18:14 IST" name="Default suite" finished-at="2023-07-27T19:19:38 IST" duration-ms="84019">
    <groups>
    </groups>
    <test started-at="2023-07-27T19:18:14 IST" name="Default test" finished-at="2023-07-27T19:19:38 IST" duration-ms="84019">
      <class name="KGL.KGLProject.TC01">
        <test-method is-config="true" signature="openBrowser()[pri:0, instance:KGL.KGLProject.TC01@28f2a10f]" started-at="2023-07-27T19:18:14 IST" name="openBrowser" finished-at="2023-07-27T19:18:23 IST" duration-ms="9588" status="PASS">
          <reporter-output>
          </reporter-output>
        </test-method> <!-- openBrowser -->
        <test-method signature="TC01_Amazon()[pri:0, instance:KGL.KGLProject.TC01@28f2a10f]" started-at="2023-07-27T19:18:23 IST" name="TC01_Amazon" finished-at="2023-07-27T19:19:32 IST" duration-ms="68295" status="PASS">
          <reporter-output>
          </reporter-output>
        </test-method> <!-- TC01_Amazon -->
        <test-method is-config="true" signature="closeBrowser()[pri:0, instance:KGL.KGLProject.TC01@28f2a10f]" started-at="2023-07-27T19:19:32 IST" name="closeBrowser" finished-at="2023-07-27T19:19:38 IST" duration-ms="6063" status="PASS">
          <reporter-output>
          </reporter-output>
        </test-method> <!-- closeBrowser -->
      </class> <!-- KGL.KGLProject.TC01 -->
    </test> <!-- Default test -->
  </suite> <!-- Default suite -->
</testng-results>
